<?xml version="1.0" encoding="UTF-8"?>
<testsuite xmlns:xsi="http://www.w3.org/2001/XMLSchema-instance" xsi:noNamespaceSchemaLocation="https://maven.apache.org/surefire/maven-surefire-plugin/xsd/surefire-test-report.xsd" name="de.leuphana.das.ShopTest" time="0.024" tests="2" errors="0" skipped="0" failures="0">
  <properties>
    <property name="java.specification.version" value="17"/>
    <property name="sun.cpu.isalist" value="amd64"/>
    <property name="sun.jnu.encoding" value="Cp1252"/>
    <property name="java.class.path" value="F:\dev\Projects\IdeaProjects\DAS_Pruefungsleistung_Gruppe01\ShopMaven\target\test-classes;F:\dev\Projects\IdeaProjects\DAS_Pruefungsleistung_Gruppe01\ShopMaven\target\classes;F:\dev\maven\org\junit\jupiter\junit-jupiter-engine\5.9.1\junit-jupiter-engine-5.9.1.jar;F:\dev\maven\org\junit\platform\junit-platform-engine\1.9.1\junit-platform-engine-1.9.1.jar;F:\dev\maven\org\apiguardian\apiguardian-api\1.1.2\apiguardian-api-1.1.2.jar;F:\dev\maven\org\junit\jupiter\junit-jupiter-api\5.9.1\junit-jupiter-api-5.9.1.jar;F:\dev\maven\org\opentest4j\opentest4j\1.2.0\opentest4j-1.2.0.jar;F:\dev\maven\org\junit\platform\junit-platform-commons\1.9.1\junit-platform-commons-1.9.1.jar;F:\dev\maven\org\junit\jupiter\junit-jupiter-params\5.9.1\junit-jupiter-params-5.9.1.jar;F:\dev\maven\org\junit\platform\junit-platform-suite\1.9.1\junit-platform-suite-1.9.1.jar;F:\dev\maven\org\junit\platform\junit-platform-suite-api\1.9.1\junit-platform-suite-api-1.9.1.jar;F:\dev\maven\org\junit\platform\junit-platform-suite-engine\1.9.1\junit-platform-suite-engine-1.9.1.jar;F:\dev\maven\org\junit\platform\junit-platform-suite-commons\1.9.1\junit-platform-suite-commons-1.9.1.jar;F:\dev\maven\org\junit\platform\junit-platform-launcher\1.9.1\junit-platform-launcher-1.9.1.jar;"/>
    <property name="java.vm.vendor" value="Oracle Corporation"/>
    <property name="sun.arch.data.model" value="64"/>
    <property name="user.variant" value=""/>
    <property name="java.vendor.url" value="https://java.oracle.com/"/>
    <property name="user.timezone" value="Europe/Berlin"/>
    <property name="os.name" value="Windows 10"/>
    <property name="java.vm.specification.version" value="17"/>
    <property name="sun.java.launcher" value="SUN_STANDARD"/>
    <property name="user.country" value="DE"/>
    <property name="sun.boot.library.path" value="F:\dev\Java\jdk-17.0.5\bin"/>
    <property name="sun.java.command" value="F:\Local\Temp\surefire6262612140495946316\surefirebooter3075124079387592944.jar F:\Local\Temp\surefire6262612140495946316 2024-02-21T20-19-05_796-jvmRun1 surefire10101239764173151827tmp surefire_04920201413786737801tmp"/>
    <property name="jdk.debug" value="release"/>
    <property name="surefire.test.class.path" value="F:\dev\Projects\IdeaProjects\DAS_Pruefungsleistung_Gruppe01\ShopMaven\target\test-classes;F:\dev\Projects\IdeaProjects\DAS_Pruefungsleistung_Gruppe01\ShopMaven\target\classes;F:\dev\maven\org\junit\jupiter\junit-jupiter-engine\5.9.1\junit-jupiter-engine-5.9.1.jar;F:\dev\maven\org\junit\platform\junit-platform-engine\1.9.1\junit-platform-engine-1.9.1.jar;F:\dev\maven\org\apiguardian\apiguardian-api\1.1.2\apiguardian-api-1.1.2.jar;F:\dev\maven\org\junit\jupiter\junit-jupiter-api\5.9.1\junit-jupiter-api-5.9.1.jar;F:\dev\maven\org\opentest4j\opentest4j\1.2.0\opentest4j-1.2.0.jar;F:\dev\maven\org\junit\platform\junit-platform-commons\1.9.1\junit-platform-commons-1.9.1.jar;F:\dev\maven\org\junit\jupiter\junit-jupiter-params\5.9.1\junit-jupiter-params-5.9.1.jar;F:\dev\maven\org\junit\platform\junit-platform-suite\1.9.1\junit-platform-suite-1.9.1.jar;F:\dev\maven\org\junit\platform\junit-platform-suite-api\1.9.1\junit-platform-suite-api-1.9.1.jar;F:\dev\maven\org\junit\platform\junit-platform-suite-engine\1.9.1\junit-platform-suite-engine-1.9.1.jar;F:\dev\maven\org\junit\platform\junit-platform-suite-commons\1.9.1\junit-platform-suite-commons-1.9.1.jar;F:\dev\maven\org\junit\platform\junit-platform-launcher\1.9.1\junit-platform-launcher-1.9.1.jar;"/>
    <property name="sun.cpu.endian" value="little"/>
    <property name="user.home" value="C:\Users\fynnj"/>
    <property name="user.language" value="de"/>
    <property name="java.specification.vendor" value="Oracle Corporation"/>
    <property name="java.version.date" value="2022-10-18"/>
    <property name="java.home" value="F:\dev\Java\jdk-17.0.5"/>
    <property name="file.separator" value="\"/>
    <property name="basedir" value="F:\dev\Projects\IdeaProjects\DAS_Pruefungsleistung_Gruppe01\ShopMaven"/>
    <property name="java.vm.compressedOopsMode" value="Zero based"/>
    <property name="line.separator" value="&#10;"/>
    <property name="java.vm.specification.vendor" value="Oracle Corporation"/>
    <property name="java.specification.name" value="Java Platform API Specification"/>
    <property name="surefire.real.class.path" value="F:\Local\Temp\surefire6262612140495946316\surefirebooter3075124079387592944.jar"/>
    <property name="user.script" value=""/>
    <property name="sun.management.compiler" value="HotSpot 64-Bit Tiered Compilers"/>
    <property name="java.runtime.version" value="17.0.5+9-LTS-191"/>
    <property name="user.name" value="fynnj"/>
    <property name="path.separator" value=";"/>
    <property name="os.version" value="10.0"/>
    <property name="java.runtime.name" value="Java(TM) SE Runtime Environment"/>
    <property name="file.encoding" value="Cp1252"/>
    <property name="java.vm.name" value="Java HotSpot(TM) 64-Bit Server VM"/>
    <property name="localRepository" value="F:\dev\maven"/>
    <property name="java.vendor.url.bug" value="https://bugreport.java.com/bugreport/"/>
    <property name="java.io.tmpdir" value="F:\Local\Temp\"/>
    <property name="idea.version" value="2023.3.4"/>
    <property name="java.version" value="17.0.5"/>
    <property name="user.dir" value="F:\dev\Projects\IdeaProjects\DAS_Pruefungsleistung_Gruppe01\ShopMaven"/>
    <property name="os.arch" value="amd64"/>
    <property name="java.vm.specification.name" value="Java Virtual Machine Specification"/>
    <property name="sun.os.patch.level" value=""/>
    <property name="native.encoding" value="Cp1252"/>
    <property name="java.library.path" value="F:\dev\Java\jdk-17.0.5\bin;C:\Windows\Sun\Java\bin;C:\Windows\system32;C:\Windows;C:\Python311\Scripts\;C:\Python311\;C:\Program Files\Common Files\Oracle\Java\javapath;C:\Program Files (x86)\Common Files\Oracle\Java\javapath;C:\Windows\system32;C:\Windows;C:\Windows\System32\Wbem;C:\Windows\System32\WindowsPowerShell\v1.0\;C:\Windows\System32\OpenSSH\;C:\Program Files\NVIDIA Corporation\NVIDIA NvDLISR;C:\Program Files (x86)\NVIDIA Corporation\PhysX\Common;F:\Program Files\nodejs\;C:\ProgramData\chocolatey\bin;C:\Program Files (x86)\gnupg\bin;C:\Program Files\Git\cmd;C:\Program Files\dotnet\;C:\Program Files (x86)\Windows Kits\10\Windows Performance Toolkit\;C:\Users\fynnj\AppData\Local\Microsoft\WindowsApps;C:\Users\fynnj\AppData\Local\JetBrains\Toolbox\scripts;F:\dev\Microsoft VS Code\bin;F:\dev\flutter\bin;C:\Users\fynnj\AppData\Local\Pub\Cache\bin;C:\Users\fynnj\AppData\Roaming\npm;C:\Program Files\Git\usr\bin;F:\dev\JetBrains\Toolbox\scripts;C:\Users\fynnj\.dotnet\tools;."/>
    <property name="java.vm.info" value="mixed mode, sharing"/>
    <property name="java.vendor" value="Oracle Corporation"/>
    <property name="java.vm.version" value="17.0.5+9-LTS-191"/>
    <property name="sun.io.unicode.encoding" value="UnicodeLittle"/>
    <property name="java.class.version" value="61.0"/>
  </properties>
  <testcase name="canOrderBeCreatedTest" classname="de.leuphana.das.ShopTest" time="0.01"/>
  <testcase name="canInvoiceBeCreatedTest" classname="de.leuphana.das.ShopTest" time="0.002"/>
</testsuite>