<?xml version="1.0" encoding="UTF-8"?>
<testsuite xmlns:xsi="http://www.w3.org/2001/XMLSchema-instance" xsi:noNamespaceSchemaLocation="https://maven.apache.org/surefire/maven-surefire-plugin/xsd/surefire-test-report.xsd" name="de.leuphana.das.ShopTest" time="0.001" tests="2" errors="0" skipped="0" failures="0">
  <properties>
    <property name="java.specification.version" value="17"/>
    <property name="sun.cpu.isalist" value="amd64"/>
    <property name="sun.jnu.encoding" value="Cp1252"/>
    <property name="java.class.path" value="F:\dev\Projects\IdeaProjects\DAS_Pruefungsleistung_Gruppe01\ShopMaven\target\test-classes;F:\dev\Projects\IdeaProjects\DAS_Pruefungsleistung_Gruppe01\ShopMaven\target\classes;F:\dev\maven\org\springframework\boot\spring-boot-starter-web\3.2.2\spring-boot-starter-web-3.2.2.jar;F:\dev\maven\org\springframework\boot\spring-boot-starter\3.2.2\spring-boot-starter-3.2.2.jar;F:\dev\maven\org\springframework\boot\spring-boot-starter-logging\3.2.2\spring-boot-starter-logging-3.2.2.jar;F:\dev\maven\ch\qos\logback\logback-classic\1.4.14\logback-classic-1.4.14.jar;F:\dev\maven\ch\qos\logback\logback-core\1.4.14\logback-core-1.4.14.jar;F:\dev\maven\org\apache\logging\log4j\log4j-to-slf4j\2.21.1\log4j-to-slf4j-2.21.1.jar;F:\dev\maven\org\apache\logging\log4j\log4j-api\2.21.1\log4j-api-2.21.1.jar;F:\dev\maven\org\slf4j\jul-to-slf4j\2.0.11\jul-to-slf4j-2.0.11.jar;F:\dev\maven\jakarta\annotation\jakarta.annotation-api\2.1.1\jakarta.annotation-api-2.1.1.jar;F:\dev\maven\org\yaml\snakeyaml\2.2\snakeyaml-2.2.jar;F:\dev\maven\org\springframework\boot\spring-boot-starter-json\3.2.2\spring-boot-starter-json-3.2.2.jar;F:\dev\maven\com\fasterxml\jackson\core\jackson-databind\2.15.3\jackson-databind-2.15.3.jar;F:\dev\maven\com\fasterxml\jackson\datatype\jackson-datatype-jdk8\2.15.3\jackson-datatype-jdk8-2.15.3.jar;F:\dev\maven\com\fasterxml\jackson\datatype\jackson-datatype-jsr310\2.15.3\jackson-datatype-jsr310-2.15.3.jar;F:\dev\maven\com\fasterxml\jackson\module\jackson-module-parameter-names\2.15.3\jackson-module-parameter-names-2.15.3.jar;F:\dev\maven\org\springframework\boot\spring-boot-starter-tomcat\3.2.2\spring-boot-starter-tomcat-3.2.2.jar;F:\dev\maven\org\apache\tomcat\embed\tomcat-embed-core\10.1.18\tomcat-embed-core-10.1.18.jar;F:\dev\maven\org\apache\tomcat\embed\tomcat-embed-el\10.1.18\tomcat-embed-el-10.1.18.jar;F:\dev\maven\org\apache\tomcat\embed\tomcat-embed-websocket\10.1.18\tomcat-embed-websocket-10.1.18.jar;F:\dev\maven\org\springframework\spring-web\6.1.3\spring-web-6.1.3.jar;F:\dev\maven\org\springframework\spring-beans\6.1.3\spring-beans-6.1.3.jar;F:\dev\maven\io\micrometer\micrometer-observation\1.12.2\micrometer-observation-1.12.2.jar;F:\dev\maven\io\micrometer\micrometer-commons\1.12.2\micrometer-commons-1.12.2.jar;F:\dev\maven\org\springframework\spring-webmvc\6.1.3\spring-webmvc-6.1.3.jar;F:\dev\maven\org\springframework\spring-aop\6.1.3\spring-aop-6.1.3.jar;F:\dev\maven\org\springframework\spring-context\6.1.3\spring-context-6.1.3.jar;F:\dev\maven\org\springframework\spring-expression\6.1.3\spring-expression-6.1.3.jar;F:\dev\maven\org\springframework\cloud\spring-cloud-starter\4.1.0\spring-cloud-starter-4.1.0.jar;F:\dev\maven\org\springframework\cloud\spring-cloud-context\4.1.0\spring-cloud-context-4.1.0.jar;F:\dev\maven\org\springframework\security\spring-security-crypto\6.2.1\spring-security-crypto-6.2.1.jar;F:\dev\maven\org\springframework\cloud\spring-cloud-commons\4.1.0\spring-cloud-commons-4.1.0.jar;F:\dev\maven\org\springframework\security\spring-security-rsa\1.1.1\spring-security-rsa-1.1.1.jar;F:\dev\maven\org\bouncycastle\bcprov-jdk18on\1.74\bcprov-jdk18on-1.74.jar;F:\dev\maven\org\springframework\boot\spring-boot-devtools\3.2.2\spring-boot-devtools-3.2.2.jar;F:\dev\maven\org\springframework\boot\spring-boot\3.2.2\spring-boot-3.2.2.jar;F:\dev\maven\org\springframework\boot\spring-boot-autoconfigure\3.2.2\spring-boot-autoconfigure-3.2.2.jar;F:\dev\maven\org\springframework\cloud\spring-cloud-starter-openfeign\4.1.0\spring-cloud-starter-openfeign-4.1.0.jar;F:\dev\maven\org\springframework\cloud\spring-cloud-openfeign-core\4.1.0\spring-cloud-openfeign-core-4.1.0.jar;F:\dev\maven\org\springframework\boot\spring-boot-starter-aop\3.2.2\spring-boot-starter-aop-3.2.2.jar;F:\dev\maven\org\aspectj\aspectjweaver\1.9.21\aspectjweaver-1.9.21.jar;F:\dev\maven\io\github\openfeign\form\feign-form-spring\3.8.0\feign-form-spring-3.8.0.jar;F:\dev\maven\io\github\openfeign\form\feign-form\3.8.0\feign-form-3.8.0.jar;F:\dev\maven\commons-fileupload\commons-fileupload\1.5\commons-fileupload-1.5.jar;F:\dev\maven\commons-io\commons-io\2.11.0\commons-io-2.11.0.jar;F:\dev\maven\io\github\openfeign\feign-core\13.1\feign-core-13.1.jar;F:\dev\maven\io\github\openfeign\feign-slf4j\13.1\feign-slf4j-13.1.jar;F:\dev\maven\org\slf4j\slf4j-api\2.0.11\slf4j-api-2.0.11.jar;F:\dev\maven\org\springframework\cloud\spring-cloud-starter-netflix-eureka-client\4.1.0\spring-cloud-starter-netflix-eureka-client-4.1.0.jar;F:\dev\maven\org\springframework\cloud\spring-cloud-netflix-eureka-client\4.1.0\spring-cloud-netflix-eureka-client-4.1.0.jar;F:\dev\maven\org\apache\httpcomponents\client5\httpclient5\5.2.3\httpclient5-5.2.3.jar;F:\dev\maven\org\apache\httpcomponents\core5\httpcore5\5.2.4\httpcore5-5.2.4.jar;F:\dev\maven\org\apache\httpcomponents\core5\httpcore5-h2\5.2.4\httpcore5-h2-5.2.4.jar;F:\dev\maven\com\netflix\eureka\eureka-client\2.0.1\eureka-client-2.0.1.jar;F:\dev\maven\com\netflix\netflix-commons\netflix-eventbus\0.3.0\netflix-eventbus-0.3.0.jar;F:\dev\maven\com\netflix\netflix-commons\netflix-infix\0.3.0\netflix-infix-0.3.0.jar;F:\dev\maven\commons-jxpath\commons-jxpath\1.3\commons-jxpath-1.3.jar;F:\dev\maven\joda-time\joda-time\2.3\joda-time-2.3.jar;F:\dev\maven\org\antlr\antlr-runtime\3.4\antlr-runtime-3.4.jar;F:\dev\maven\org\antlr\stringtemplate\3.2.1\stringtemplate-3.2.1.jar;F:\dev\maven\antlr\antlr\2.7.7\antlr-2.7.7.jar;F:\dev\maven\com\google\code\gson\gson\2.10.1\gson-2.10.1.jar;F:\dev\maven\org\apache\commons\commons-math\2.2\commons-math-2.2.jar;F:\dev\maven\com\thoughtworks\xstream\xstream\1.4.19\xstream-1.4.19.jar;F:\dev\maven\io\github\x-stream\mxparser\1.2.2\mxparser-1.2.2.jar;F:\dev\maven\xmlpull\xmlpull\1.1.3.1\xmlpull-1.1.3.1.jar;F:\dev\maven\jakarta\ws\rs\jakarta.ws.rs-api\3.1.0\jakarta.ws.rs-api-3.1.0.jar;F:\dev\maven\jakarta\inject\jakarta.inject-api\2.0.1\jakarta.inject-api-2.0.1.jar;F:\dev\maven\com\netflix\servo\servo-core\0.12.21\servo-core-0.12.21.jar;F:\dev\maven\com\google\guava\guava\19.0\guava-19.0.jar;F:\dev\maven\org\apache\httpcomponents\httpclient\4.5.3\httpclient-4.5.3.jar;F:\dev\maven\org\apache\httpcomponents\httpcore\4.4.16\httpcore-4.4.16.jar;F:\dev\maven\commons-codec\commons-codec\1.16.0\commons-codec-1.16.0.jar;F:\dev\maven\commons-configuration\commons-configuration\1.10\commons-configuration-1.10.jar;F:\dev\maven\commons-lang\commons-lang\2.6\commons-lang-2.6.jar;F:\dev\maven\com\fasterxml\jackson\core\jackson-annotations\2.15.3\jackson-annotations-2.15.3.jar;F:\dev\maven\com\fasterxml\jackson\core\jackson-core\2.15.3\jackson-core-2.15.3.jar;F:\dev\maven\org\codehaus\jettison\jettison\1.4.0\jettison-1.4.0.jar;F:\dev\maven\com\netflix\eureka\eureka-core\2.0.1\eureka-core-2.0.1.jar;F:\dev\maven\com\fasterxml\woodstox\woodstox-core\6.2.1\woodstox-core-6.2.1.jar;F:\dev\maven\org\codehaus\woodstox\stax2-api\4.2.1\stax2-api-4.2.1.jar;F:\dev\maven\org\springframework\cloud\spring-cloud-starter-loadbalancer\4.1.0\spring-cloud-starter-loadbalancer-4.1.0.jar;F:\dev\maven\org\springframework\cloud\spring-cloud-loadbalancer\4.1.0\spring-cloud-loadbalancer-4.1.0.jar;F:\dev\maven\io\projectreactor\reactor-core\3.6.2\reactor-core-3.6.2.jar;F:\dev\maven\org\reactivestreams\reactive-streams\1.0.4\reactive-streams-1.0.4.jar;F:\dev\maven\io\projectreactor\addons\reactor-extra\3.5.1\reactor-extra-3.5.1.jar;F:\dev\maven\org\springframework\boot\spring-boot-starter-cache\3.2.2\spring-boot-starter-cache-3.2.2.jar;F:\dev\maven\org\springframework\spring-context-support\6.1.3\spring-context-support-6.1.3.jar;F:\dev\maven\com\stoyanr\evictor\1.0.0\evictor-1.0.0.jar;F:\dev\maven\org\springframework\boot\spring-boot-starter-test\3.2.2\spring-boot-starter-test-3.2.2.jar;F:\dev\maven\org\springframework\boot\spring-boot-test\3.2.2\spring-boot-test-3.2.2.jar;F:\dev\maven\org\springframework\boot\spring-boot-test-autoconfigure\3.2.2\spring-boot-test-autoconfigure-3.2.2.jar;F:\dev\maven\com\jayway\jsonpath\json-path\2.8.0\json-path-2.8.0.jar;F:\dev\maven\jakarta\xml\bind\jakarta.xml.bind-api\4.0.1\jakarta.xml.bind-api-4.0.1.jar;F:\dev\maven\jakarta\activation\jakarta.activation-api\2.1.2\jakarta.activation-api-2.1.2.jar;F:\dev\maven\net\minidev\json-smart\2.5.0\json-smart-2.5.0.jar;F:\dev\maven\net\minidev\accessors-smart\2.5.0\accessors-smart-2.5.0.jar;F:\dev\maven\org\ow2\asm\asm\9.3\asm-9.3.jar;F:\dev\maven\org\assertj\assertj-core\3.24.2\assertj-core-3.24.2.jar;F:\dev\maven\net\bytebuddy\byte-buddy\1.14.11\byte-buddy-1.14.11.jar;F:\dev\maven\org\awaitility\awaitility\4.2.0\awaitility-4.2.0.jar;F:\dev\maven\org\hamcrest\hamcrest\2.2\hamcrest-2.2.jar;F:\dev\maven\org\junit\jupiter\junit-jupiter\5.10.1\junit-jupiter-5.10.1.jar;F:\dev\maven\org\mockito\mockito-core\5.7.0\mockito-core-5.7.0.jar;F:\dev\maven\net\bytebuddy\byte-buddy-agent\1.14.11\byte-buddy-agent-1.14.11.jar;F:\dev\maven\org\objenesis\objenesis\3.3\objenesis-3.3.jar;F:\dev\maven\org\mockito\mockito-junit-jupiter\5.7.0\mockito-junit-jupiter-5.7.0.jar;F:\dev\maven\org\skyscreamer\jsonassert\1.5.1\jsonassert-1.5.1.jar;F:\dev\maven\com\vaadin\external\google\android-json\0.0.20131108.vaadin1\android-json-0.0.20131108.vaadin1.jar;F:\dev\maven\org\springframework\spring-core\6.1.3\spring-core-6.1.3.jar;F:\dev\maven\org\springframework\spring-jcl\6.1.3\spring-jcl-6.1.3.jar;F:\dev\maven\org\springframework\spring-test\6.1.3\spring-test-6.1.3.jar;F:\dev\maven\org\xmlunit\xmlunit-core\2.9.1\xmlunit-core-2.9.1.jar;F:\dev\maven\org\junit\jupiter\junit-jupiter-engine\5.9.1\junit-jupiter-engine-5.9.1.jar;F:\dev\maven\org\junit\platform\junit-platform-engine\1.10.1\junit-platform-engine-1.10.1.jar;F:\dev\maven\org\apiguardian\apiguardian-api\1.1.2\apiguardian-api-1.1.2.jar;F:\dev\maven\org\junit\jupiter\junit-jupiter-api\5.9.1\junit-jupiter-api-5.9.1.jar;F:\dev\maven\org\opentest4j\opentest4j\1.2.0\opentest4j-1.2.0.jar;F:\dev\maven\org\junit\platform\junit-platform-commons\1.10.1\junit-platform-commons-1.10.1.jar;F:\dev\maven\org\junit\jupiter\junit-jupiter-params\5.9.1\junit-jupiter-params-5.9.1.jar;F:\dev\maven\org\junit\platform\junit-platform-suite\1.9.1\junit-platform-suite-1.9.1.jar;F:\dev\maven\org\junit\platform\junit-platform-suite-api\1.10.1\junit-platform-suite-api-1.10.1.jar;F:\dev\maven\org\junit\platform\junit-platform-suite-engine\1.10.1\junit-platform-suite-engine-1.10.1.jar;F:\dev\maven\org\junit\platform\junit-platform-suite-commons\1.10.1\junit-platform-suite-commons-1.10.1.jar;F:\dev\maven\org\junit\platform\junit-platform-launcher\1.10.1\junit-platform-launcher-1.10.1.jar;F:\dev\maven\org\springframework\boot\spring-boot-starter-artemis\3.2.2\spring-boot-starter-artemis-3.2.2.jar;F:\dev\maven\org\springframework\spring-jms\6.1.3\spring-jms-6.1.3.jar;F:\dev\maven\org\springframework\spring-messaging\6.1.3\spring-messaging-6.1.3.jar;F:\dev\maven\org\springframework\spring-tx\6.1.3\spring-tx-6.1.3.jar;F:\dev\maven\org\apache\activemq\artemis-jakarta-client\2.31.2\artemis-jakarta-client-2.31.2.jar;F:\dev\maven\org\apache\activemq\artemis-core-client\2.31.2\artemis-core-client-2.31.2.jar;F:\dev\maven\org\jgroups\jgroups\5.3.0.Final\jgroups-5.3.0.Final.jar;F:\dev\maven\io\netty\netty-transport-native-epoll\4.1.105.Final\netty-transport-native-epoll-4.1.105.Final-linux-x86_64.jar;F:\dev\maven\io\netty\netty-transport-native-unix-common\4.1.105.Final\netty-transport-native-unix-common-4.1.105.Final.jar;F:\dev\maven\io\netty\netty-transport-classes-epoll\4.1.105.Final\netty-transport-classes-epoll-4.1.105.Final.jar;F:\dev\maven\io\netty\netty-transport-native-kqueue\4.1.105.Final\netty-transport-native-kqueue-4.1.105.Final-osx-x86_64.jar;F:\dev\maven\io\netty\netty-transport-classes-kqueue\4.1.105.Final\netty-transport-classes-kqueue-4.1.105.Final.jar;F:\dev\maven\io\netty\netty-codec-http\4.1.105.Final\netty-codec-http-4.1.105.Final.jar;F:\dev\maven\io\netty\netty-buffer\4.1.105.Final\netty-buffer-4.1.105.Final.jar;F:\dev\maven\io\netty\netty-transport\4.1.105.Final\netty-transport-4.1.105.Final.jar;F:\dev\maven\io\netty\netty-handler\4.1.105.Final\netty-handler-4.1.105.Final.jar;F:\dev\maven\io\netty\netty-handler-proxy\4.1.105.Final\netty-handler-proxy-4.1.105.Final.jar;F:\dev\maven\io\netty\netty-codec\4.1.105.Final\netty-codec-4.1.105.Final.jar;F:\dev\maven\io\netty\netty-codec-socks\4.1.105.Final\netty-codec-socks-4.1.105.Final.jar;F:\dev\maven\io\netty\netty-common\4.1.105.Final\netty-common-4.1.105.Final.jar;F:\dev\maven\io\netty\netty-resolver\4.1.105.Final\netty-resolver-4.1.105.Final.jar;F:\dev\maven\org\apache\activemq\artemis-commons\2.31.2\artemis-commons-2.31.2.jar;F:\dev\maven\commons-beanutils\commons-beanutils\1.9.4\commons-beanutils-1.9.4.jar;F:\dev\maven\commons-collections\commons-collections\3.2.2\commons-collections-3.2.2.jar;F:\dev\maven\org\apache\activemq\artemis-selector\2.31.2\artemis-selector-2.31.2.jar;F:\dev\maven\jakarta\jms\jakarta.jms-api\3.1.0\jakarta.jms-api-3.1.0.jar;"/>
    <property name="java.vm.vendor" value="Oracle Corporation"/>
    <property name="sun.arch.data.model" value="64"/>
    <property name="user.variant" value=""/>
    <property name="java.vendor.url" value="https://java.oracle.com/"/>
    <property name="user.timezone" value="Europe/Berlin"/>
    <property name="os.name" value="Windows 10"/>
    <property name="java.vm.specification.version" value="17"/>
    <property name="sun.java.launcher" value="SUN_STANDARD"/>
    <property name="user.country" value="DE"/>
    <property name="sun.boot.library.path" value="F:\dev\Java\jdk-17.0.5\bin"/>
    <property name="sun.java.command" value="F:\Local\Temp\surefire8141559772153777027\surefirebooter15094894771076743779.jar F:\Local\Temp\surefire8141559772153777027 2024-03-12T13-59-00_386-jvmRun1 surefire18250498103053540547tmp surefire_09235582198810805745tmp"/>
    <property name="jdk.debug" value="release"/>
    <property name="surefire.test.class.path" value="F:\dev\Projects\IdeaProjects\DAS_Pruefungsleistung_Gruppe01\ShopMaven\target\test-classes;F:\dev\Projects\IdeaProjects\DAS_Pruefungsleistung_Gruppe01\ShopMaven\target\classes;F:\dev\maven\org\springframework\boot\spring-boot-starter-web\3.2.2\spring-boot-starter-web-3.2.2.jar;F:\dev\maven\org\springframework\boot\spring-boot-starter\3.2.2\spring-boot-starter-3.2.2.jar;F:\dev\maven\org\springframework\boot\spring-boot-starter-logging\3.2.2\spring-boot-starter-logging-3.2.2.jar;F:\dev\maven\ch\qos\logback\logback-classic\1.4.14\logback-classic-1.4.14.jar;F:\dev\maven\ch\qos\logback\logback-core\1.4.14\logback-core-1.4.14.jar;F:\dev\maven\org\apache\logging\log4j\log4j-to-slf4j\2.21.1\log4j-to-slf4j-2.21.1.jar;F:\dev\maven\org\apache\logging\log4j\log4j-api\2.21.1\log4j-api-2.21.1.jar;F:\dev\maven\org\slf4j\jul-to-slf4j\2.0.11\jul-to-slf4j-2.0.11.jar;F:\dev\maven\jakarta\annotation\jakarta.annotation-api\2.1.1\jakarta.annotation-api-2.1.1.jar;F:\dev\maven\org\yaml\snakeyaml\2.2\snakeyaml-2.2.jar;F:\dev\maven\org\springframework\boot\spring-boot-starter-json\3.2.2\spring-boot-starter-json-3.2.2.jar;F:\dev\maven\com\fasterxml\jackson\core\jackson-databind\2.15.3\jackson-databind-2.15.3.jar;F:\dev\maven\com\fasterxml\jackson\datatype\jackson-datatype-jdk8\2.15.3\jackson-datatype-jdk8-2.15.3.jar;F:\dev\maven\com\fasterxml\jackson\datatype\jackson-datatype-jsr310\2.15.3\jackson-datatype-jsr310-2.15.3.jar;F:\dev\maven\com\fasterxml\jackson\module\jackson-module-parameter-names\2.15.3\jackson-module-parameter-names-2.15.3.jar;F:\dev\maven\org\springframework\boot\spring-boot-starter-tomcat\3.2.2\spring-boot-starter-tomcat-3.2.2.jar;F:\dev\maven\org\apache\tomcat\embed\tomcat-embed-core\10.1.18\tomcat-embed-core-10.1.18.jar;F:\dev\maven\org\apache\tomcat\embed\tomcat-embed-el\10.1.18\tomcat-embed-el-10.1.18.jar;F:\dev\maven\org\apache\tomcat\embed\tomcat-embed-websocket\10.1.18\tomcat-embed-websocket-10.1.18.jar;F:\dev\maven\org\springframework\spring-web\6.1.3\spring-web-6.1.3.jar;F:\dev\maven\org\springframework\spring-beans\6.1.3\spring-beans-6.1.3.jar;F:\dev\maven\io\micrometer\micrometer-observation\1.12.2\micrometer-observation-1.12.2.jar;F:\dev\maven\io\micrometer\micrometer-commons\1.12.2\micrometer-commons-1.12.2.jar;F:\dev\maven\org\springframework\spring-webmvc\6.1.3\spring-webmvc-6.1.3.jar;F:\dev\maven\org\springframework\spring-aop\6.1.3\spring-aop-6.1.3.jar;F:\dev\maven\org\springframework\spring-context\6.1.3\spring-context-6.1.3.jar;F:\dev\maven\org\springframework\spring-expression\6.1.3\spring-expression-6.1.3.jar;F:\dev\maven\org\springframework\cloud\spring-cloud-starter\4.1.0\spring-cloud-starter-4.1.0.jar;F:\dev\maven\org\springframework\cloud\spring-cloud-context\4.1.0\spring-cloud-context-4.1.0.jar;F:\dev\maven\org\springframework\security\spring-security-crypto\6.2.1\spring-security-crypto-6.2.1.jar;F:\dev\maven\org\springframework\cloud\spring-cloud-commons\4.1.0\spring-cloud-commons-4.1.0.jar;F:\dev\maven\org\springframework\security\spring-security-rsa\1.1.1\spring-security-rsa-1.1.1.jar;F:\dev\maven\org\bouncycastle\bcprov-jdk18on\1.74\bcprov-jdk18on-1.74.jar;F:\dev\maven\org\springframework\boot\spring-boot-devtools\3.2.2\spring-boot-devtools-3.2.2.jar;F:\dev\maven\org\springframework\boot\spring-boot\3.2.2\spring-boot-3.2.2.jar;F:\dev\maven\org\springframework\boot\spring-boot-autoconfigure\3.2.2\spring-boot-autoconfigure-3.2.2.jar;F:\dev\maven\org\springframework\cloud\spring-cloud-starter-openfeign\4.1.0\spring-cloud-starter-openfeign-4.1.0.jar;F:\dev\maven\org\springframework\cloud\spring-cloud-openfeign-core\4.1.0\spring-cloud-openfeign-core-4.1.0.jar;F:\dev\maven\org\springframework\boot\spring-boot-starter-aop\3.2.2\spring-boot-starter-aop-3.2.2.jar;F:\dev\maven\org\aspectj\aspectjweaver\1.9.21\aspectjweaver-1.9.21.jar;F:\dev\maven\io\github\openfeign\form\feign-form-spring\3.8.0\feign-form-spring-3.8.0.jar;F:\dev\maven\io\github\openfeign\form\feign-form\3.8.0\feign-form-3.8.0.jar;F:\dev\maven\commons-fileupload\commons-fileupload\1.5\commons-fileupload-1.5.jar;F:\dev\maven\commons-io\commons-io\2.11.0\commons-io-2.11.0.jar;F:\dev\maven\io\github\openfeign\feign-core\13.1\feign-core-13.1.jar;F:\dev\maven\io\github\openfeign\feign-slf4j\13.1\feign-slf4j-13.1.jar;F:\dev\maven\org\slf4j\slf4j-api\2.0.11\slf4j-api-2.0.11.jar;F:\dev\maven\org\springframework\cloud\spring-cloud-starter-netflix-eureka-client\4.1.0\spring-cloud-starter-netflix-eureka-client-4.1.0.jar;F:\dev\maven\org\springframework\cloud\spring-cloud-netflix-eureka-client\4.1.0\spring-cloud-netflix-eureka-client-4.1.0.jar;F:\dev\maven\org\apache\httpcomponents\client5\httpclient5\5.2.3\httpclient5-5.2.3.jar;F:\dev\maven\org\apache\httpcomponents\core5\httpcore5\5.2.4\httpcore5-5.2.4.jar;F:\dev\maven\org\apache\httpcomponents\core5\httpcore5-h2\5.2.4\httpcore5-h2-5.2.4.jar;F:\dev\maven\com\netflix\eureka\eureka-client\2.0.1\eureka-client-2.0.1.jar;F:\dev\maven\com\netflix\netflix-commons\netflix-eventbus\0.3.0\netflix-eventbus-0.3.0.jar;F:\dev\maven\com\netflix\netflix-commons\netflix-infix\0.3.0\netflix-infix-0.3.0.jar;F:\dev\maven\commons-jxpath\commons-jxpath\1.3\commons-jxpath-1.3.jar;F:\dev\maven\joda-time\joda-time\2.3\joda-time-2.3.jar;F:\dev\maven\org\antlr\antlr-runtime\3.4\antlr-runtime-3.4.jar;F:\dev\maven\org\antlr\stringtemplate\3.2.1\stringtemplate-3.2.1.jar;F:\dev\maven\antlr\antlr\2.7.7\antlr-2.7.7.jar;F:\dev\maven\com\google\code\gson\gson\2.10.1\gson-2.10.1.jar;F:\dev\maven\org\apache\commons\commons-math\2.2\commons-math-2.2.jar;F:\dev\maven\com\thoughtworks\xstream\xstream\1.4.19\xstream-1.4.19.jar;F:\dev\maven\io\github\x-stream\mxparser\1.2.2\mxparser-1.2.2.jar;F:\dev\maven\xmlpull\xmlpull\1.1.3.1\xmlpull-1.1.3.1.jar;F:\dev\maven\jakarta\ws\rs\jakarta.ws.rs-api\3.1.0\jakarta.ws.rs-api-3.1.0.jar;F:\dev\maven\jakarta\inject\jakarta.inject-api\2.0.1\jakarta.inject-api-2.0.1.jar;F:\dev\maven\com\netflix\servo\servo-core\0.12.21\servo-core-0.12.21.jar;F:\dev\maven\com\google\guava\guava\19.0\guava-19.0.jar;F:\dev\maven\org\apache\httpcomponents\httpclient\4.5.3\httpclient-4.5.3.jar;F:\dev\maven\org\apache\httpcomponents\httpcore\4.4.16\httpcore-4.4.16.jar;F:\dev\maven\commons-codec\commons-codec\1.16.0\commons-codec-1.16.0.jar;F:\dev\maven\commons-configuration\commons-configuration\1.10\commons-configuration-1.10.jar;F:\dev\maven\commons-lang\commons-lang\2.6\commons-lang-2.6.jar;F:\dev\maven\com\fasterxml\jackson\core\jackson-annotations\2.15.3\jackson-annotations-2.15.3.jar;F:\dev\maven\com\fasterxml\jackson\core\jackson-core\2.15.3\jackson-core-2.15.3.jar;F:\dev\maven\org\codehaus\jettison\jettison\1.4.0\jettison-1.4.0.jar;F:\dev\maven\com\netflix\eureka\eureka-core\2.0.1\eureka-core-2.0.1.jar;F:\dev\maven\com\fasterxml\woodstox\woodstox-core\6.2.1\woodstox-core-6.2.1.jar;F:\dev\maven\org\codehaus\woodstox\stax2-api\4.2.1\stax2-api-4.2.1.jar;F:\dev\maven\org\springframework\cloud\spring-cloud-starter-loadbalancer\4.1.0\spring-cloud-starter-loadbalancer-4.1.0.jar;F:\dev\maven\org\springframework\cloud\spring-cloud-loadbalancer\4.1.0\spring-cloud-loadbalancer-4.1.0.jar;F:\dev\maven\io\projectreactor\reactor-core\3.6.2\reactor-core-3.6.2.jar;F:\dev\maven\org\reactivestreams\reactive-streams\1.0.4\reactive-streams-1.0.4.jar;F:\dev\maven\io\projectreactor\addons\reactor-extra\3.5.1\reactor-extra-3.5.1.jar;F:\dev\maven\org\springframework\boot\spring-boot-starter-cache\3.2.2\spring-boot-starter-cache-3.2.2.jar;F:\dev\maven\org\springframework\spring-context-support\6.1.3\spring-context-support-6.1.3.jar;F:\dev\maven\com\stoyanr\evictor\1.0.0\evictor-1.0.0.jar;F:\dev\maven\org\springframework\boot\spring-boot-starter-test\3.2.2\spring-boot-starter-test-3.2.2.jar;F:\dev\maven\org\springframework\boot\spring-boot-test\3.2.2\spring-boot-test-3.2.2.jar;F:\dev\maven\org\springframework\boot\spring-boot-test-autoconfigure\3.2.2\spring-boot-test-autoconfigure-3.2.2.jar;F:\dev\maven\com\jayway\jsonpath\json-path\2.8.0\json-path-2.8.0.jar;F:\dev\maven\jakarta\xml\bind\jakarta.xml.bind-api\4.0.1\jakarta.xml.bind-api-4.0.1.jar;F:\dev\maven\jakarta\activation\jakarta.activation-api\2.1.2\jakarta.activation-api-2.1.2.jar;F:\dev\maven\net\minidev\json-smart\2.5.0\json-smart-2.5.0.jar;F:\dev\maven\net\minidev\accessors-smart\2.5.0\accessors-smart-2.5.0.jar;F:\dev\maven\org\ow2\asm\asm\9.3\asm-9.3.jar;F:\dev\maven\org\assertj\assertj-core\3.24.2\assertj-core-3.24.2.jar;F:\dev\maven\net\bytebuddy\byte-buddy\1.14.11\byte-buddy-1.14.11.jar;F:\dev\maven\org\awaitility\awaitility\4.2.0\awaitility-4.2.0.jar;F:\dev\maven\org\hamcrest\hamcrest\2.2\hamcrest-2.2.jar;F:\dev\maven\org\junit\jupiter\junit-jupiter\5.10.1\junit-jupiter-5.10.1.jar;F:\dev\maven\org\mockito\mockito-core\5.7.0\mockito-core-5.7.0.jar;F:\dev\maven\net\bytebuddy\byte-buddy-agent\1.14.11\byte-buddy-agent-1.14.11.jar;F:\dev\maven\org\objenesis\objenesis\3.3\objenesis-3.3.jar;F:\dev\maven\org\mockito\mockito-junit-jupiter\5.7.0\mockito-junit-jupiter-5.7.0.jar;F:\dev\maven\org\skyscreamer\jsonassert\1.5.1\jsonassert-1.5.1.jar;F:\dev\maven\com\vaadin\external\google\android-json\0.0.20131108.vaadin1\android-json-0.0.20131108.vaadin1.jar;F:\dev\maven\org\springframework\spring-core\6.1.3\spring-core-6.1.3.jar;F:\dev\maven\org\springframework\spring-jcl\6.1.3\spring-jcl-6.1.3.jar;F:\dev\maven\org\springframework\spring-test\6.1.3\spring-test-6.1.3.jar;F:\dev\maven\org\xmlunit\xmlunit-core\2.9.1\xmlunit-core-2.9.1.jar;F:\dev\maven\org\junit\jupiter\junit-jupiter-engine\5.9.1\junit-jupiter-engine-5.9.1.jar;F:\dev\maven\org\junit\platform\junit-platform-engine\1.10.1\junit-platform-engine-1.10.1.jar;F:\dev\maven\org\apiguardian\apiguardian-api\1.1.2\apiguardian-api-1.1.2.jar;F:\dev\maven\org\junit\jupiter\junit-jupiter-api\5.9.1\junit-jupiter-api-5.9.1.jar;F:\dev\maven\org\opentest4j\opentest4j\1.2.0\opentest4j-1.2.0.jar;F:\dev\maven\org\junit\platform\junit-platform-commons\1.10.1\junit-platform-commons-1.10.1.jar;F:\dev\maven\org\junit\jupiter\junit-jupiter-params\5.9.1\junit-jupiter-params-5.9.1.jar;F:\dev\maven\org\junit\platform\junit-platform-suite\1.9.1\junit-platform-suite-1.9.1.jar;F:\dev\maven\org\junit\platform\junit-platform-suite-api\1.10.1\junit-platform-suite-api-1.10.1.jar;F:\dev\maven\org\junit\platform\junit-platform-suite-engine\1.10.1\junit-platform-suite-engine-1.10.1.jar;F:\dev\maven\org\junit\platform\junit-platform-suite-commons\1.10.1\junit-platform-suite-commons-1.10.1.jar;F:\dev\maven\org\junit\platform\junit-platform-launcher\1.10.1\junit-platform-launcher-1.10.1.jar;F:\dev\maven\org\springframework\boot\spring-boot-starter-artemis\3.2.2\spring-boot-starter-artemis-3.2.2.jar;F:\dev\maven\org\springframework\spring-jms\6.1.3\spring-jms-6.1.3.jar;F:\dev\maven\org\springframework\spring-messaging\6.1.3\spring-messaging-6.1.3.jar;F:\dev\maven\org\springframework\spring-tx\6.1.3\spring-tx-6.1.3.jar;F:\dev\maven\org\apache\activemq\artemis-jakarta-client\2.31.2\artemis-jakarta-client-2.31.2.jar;F:\dev\maven\org\apache\activemq\artemis-core-client\2.31.2\artemis-core-client-2.31.2.jar;F:\dev\maven\org\jgroups\jgroups\5.3.0.Final\jgroups-5.3.0.Final.jar;F:\dev\maven\io\netty\netty-transport-native-epoll\4.1.105.Final\netty-transport-native-epoll-4.1.105.Final-linux-x86_64.jar;F:\dev\maven\io\netty\netty-transport-native-unix-common\4.1.105.Final\netty-transport-native-unix-common-4.1.105.Final.jar;F:\dev\maven\io\netty\netty-transport-classes-epoll\4.1.105.Final\netty-transport-classes-epoll-4.1.105.Final.jar;F:\dev\maven\io\netty\netty-transport-native-kqueue\4.1.105.Final\netty-transport-native-kqueue-4.1.105.Final-osx-x86_64.jar;F:\dev\maven\io\netty\netty-transport-classes-kqueue\4.1.105.Final\netty-transport-classes-kqueue-4.1.105.Final.jar;F:\dev\maven\io\netty\netty-codec-http\4.1.105.Final\netty-codec-http-4.1.105.Final.jar;F:\dev\maven\io\netty\netty-buffer\4.1.105.Final\netty-buffer-4.1.105.Final.jar;F:\dev\maven\io\netty\netty-transport\4.1.105.Final\netty-transport-4.1.105.Final.jar;F:\dev\maven\io\netty\netty-handler\4.1.105.Final\netty-handler-4.1.105.Final.jar;F:\dev\maven\io\netty\netty-handler-proxy\4.1.105.Final\netty-handler-proxy-4.1.105.Final.jar;F:\dev\maven\io\netty\netty-codec\4.1.105.Final\netty-codec-4.1.105.Final.jar;F:\dev\maven\io\netty\netty-codec-socks\4.1.105.Final\netty-codec-socks-4.1.105.Final.jar;F:\dev\maven\io\netty\netty-common\4.1.105.Final\netty-common-4.1.105.Final.jar;F:\dev\maven\io\netty\netty-resolver\4.1.105.Final\netty-resolver-4.1.105.Final.jar;F:\dev\maven\org\apache\activemq\artemis-commons\2.31.2\artemis-commons-2.31.2.jar;F:\dev\maven\commons-beanutils\commons-beanutils\1.9.4\commons-beanutils-1.9.4.jar;F:\dev\maven\commons-collections\commons-collections\3.2.2\commons-collections-3.2.2.jar;F:\dev\maven\org\apache\activemq\artemis-selector\2.31.2\artemis-selector-2.31.2.jar;F:\dev\maven\jakarta\jms\jakarta.jms-api\3.1.0\jakarta.jms-api-3.1.0.jar;"/>
    <property name="sun.cpu.endian" value="little"/>
    <property name="user.home" value="C:\Users\fynnj"/>
    <property name="user.language" value="de"/>
    <property name="java.specification.vendor" value="Oracle Corporation"/>
    <property name="java.version.date" value="2022-10-18"/>
    <property name="java.home" value="F:\dev\Java\jdk-17.0.5"/>
    <property name="file.separator" value="\"/>
    <property name="basedir" value="F:\dev\Projects\IdeaProjects\DAS_Pruefungsleistung_Gruppe01\ShopMaven"/>
    <property name="java.vm.compressedOopsMode" value="Zero based"/>
    <property name="line.separator" value="&#10;"/>
    <property name="java.vm.specification.vendor" value="Oracle Corporation"/>
    <property name="java.specification.name" value="Java Platform API Specification"/>
    <property name="surefire.real.class.path" value="F:\Local\Temp\surefire8141559772153777027\surefirebooter15094894771076743779.jar"/>
    <property name="user.script" value=""/>
    <property name="sun.management.compiler" value="HotSpot 64-Bit Tiered Compilers"/>
    <property name="java.runtime.version" value="17.0.5+9-LTS-191"/>
    <property name="user.name" value="fynnj"/>
    <property name="path.separator" value=";"/>
    <property name="os.version" value="10.0"/>
    <property name="java.runtime.name" value="Java(TM) SE Runtime Environment"/>
    <property name="file.encoding" value="Cp1252"/>
    <property name="java.vm.name" value="Java HotSpot(TM) 64-Bit Server VM"/>
    <property name="localRepository" value="F:\dev\maven"/>
    <property name="java.vendor.url.bug" value="https://bugreport.java.com/bugreport/"/>
    <property name="java.io.tmpdir" value="F:\Local\Temp\"/>
    <property name="idea.version" value="2023.3.4"/>
    <property name="java.version" value="17.0.5"/>
    <property name="user.dir" value="F:\dev\Projects\IdeaProjects\DAS_Pruefungsleistung_Gruppe01\ShopMaven"/>
    <property name="os.arch" value="amd64"/>
    <property name="java.vm.specification.name" value="Java Virtual Machine Specification"/>
    <property name="sun.os.patch.level" value=""/>
    <property name="native.encoding" value="Cp1252"/>
    <property name="java.library.path" value="F:\dev\Java\jdk-17.0.5\bin;C:\Windows\Sun\Java\bin;C:\Windows\system32;C:\Windows;C:\Python311\Scripts\;C:\Python311\;C:\Program Files\Common Files\Oracle\Java\javapath;C:\Program Files (x86)\Common Files\Oracle\Java\javapath;C:\Windows\system32;C:\Windows;C:\Windows\System32\Wbem;C:\Windows\System32\WindowsPowerShell\v1.0\;C:\Windows\System32\OpenSSH\;C:\Program Files\NVIDIA Corporation\NVIDIA NvDLISR;C:\Program Files (x86)\NVIDIA Corporation\PhysX\Common;F:\Program Files\nodejs\;C:\ProgramData\chocolatey\bin;C:\Program Files (x86)\gnupg\bin;C:\Program Files\Git\cmd;C:\Program Files\dotnet\;C:\Program Files (x86)\Windows Kits\10\Windows Performance Toolkit\;C:\Users\fynnj\AppData\Local\Microsoft\WindowsApps;C:\Users\fynnj\AppData\Local\JetBrains\Toolbox\scripts;F:\dev\Microsoft VS Code\bin;F:\dev\flutter\bin;C:\Users\fynnj\AppData\Local\Pub\Cache\bin;C:\Users\fynnj\AppData\Roaming\npm;C:\Program Files\Git\usr\bin;F:\dev\JetBrains\Toolbox\scripts;C:\Users\fynnj\.dotnet\tools;."/>
    <property name="java.vm.info" value="mixed mode, sharing"/>
    <property name="java.vendor" value="Oracle Corporation"/>
    <property name="java.vm.version" value="17.0.5+9-LTS-191"/>
    <property name="sun.io.unicode.encoding" value="UnicodeLittle"/>
    <property name="java.class.version" value="61.0"/>
  </properties>
  <testcase name="canOrderBeCreatedTest" classname="de.leuphana.das.ShopTest" time="0.001"/>
  <testcase name="canInvoiceBeCreatedTest" classname="de.leuphana.das.ShopTest" time="0"/>
</testsuite>